<?xml version="1.0" encoding="UTF-8"?>
<robot generator="Robot 3.2.2 (Python 3.9.1 on win32)" generated="20210203 21:03:56.863" rpa="false">
<suite id="s1" name="ARRAYX" source="C:\Udemy Automatización\arrays loops\ARRAYX.robot">
<test id="s1-t1" name="CASO PRUEBA02">
<kw name="Open Browser" library="SeleniumLibrary">
<doc>Opens a new browser instance to the optional ``url``.</doc>
<msg timestamp="20210203 21:04:00.153" level="INFO">Opening browser 'firefox' to base url 'None'.</msg>
<msg timestamp="20210203 21:04:00.155" level="INFO">Firefox driver log is always forced to to: C:\Udemy Automatización\arrays loops\geckodriver-7.log</msg>
<kw name="Capture Page Screenshot" library="SeleniumLibrary">
<doc>Takes a screenshot of the current page and embeds it into a log file.</doc>
<msg timestamp="20210203 21:04:00.162" level="INFO">Cannot capture screenshot because no browser is open.</msg>
<status status="PASS" starttime="20210203 21:04:00.162" endtime="20210203 21:04:00.163"></status>
</kw>
<msg timestamp="20210203 21:04:00.169" level="FAIL">WebDriverException: Message: 'geckodriver' executable needs to be in PATH. 
</msg>
<status status="FAIL" starttime="20210203 21:04:00.153" endtime="20210203 21:04:00.169"></status>
</kw>
<status status="FAIL" starttime="20210203 21:04:00.151" endtime="20210203 21:04:00.170" critical="yes">WebDriverException: Message: 'geckodriver' executable needs to be in PATH. 
</status>
</test>
<status status="FAIL" starttime="20210203 21:03:59.807" endtime="20210203 21:04:00.172"></status>
</suite>
<statistics>
<total>
<stat pass="0" fail="1">Critical Tests</stat>
<stat pass="0" fail="1">All Tests</stat>
</total>
<tag>
</tag>
<suite>
<stat pass="0" fail="1" id="s1" name="ARRAYX">ARRAYX</stat>
</suite>
</statistics>
<errors>
</errors>
</robot>
